
> backend@1.0.0 build
> npm run db:push --workspace=@repo/db && esbuild src/index.ts --platform=node --packages=external --bundle --format=esm --outdir=dist --external:pg-native


> @repo/db@1.0.0 db:push
> drizzle-kit push --force

No config path provided, using default 'drizzle.config.ts'
Reading config file 'C:\Users\mbclk\Downloads\AiMedicalAssistant (1)\AiMedicalAssistant\packages\db\drizzle.config.ts'
🔍 Drizzle Config Debug:
- Working Directory: C:\Users\mbclk\Downloads\AiMedicalAssistant (1)\AiMedicalAssistant\packages\db
- .env file exists (from fs): false
- DATABASE_URL loaded (from process.env): true
- Using DATABASE_URL: postgresql:***@ep-soft-cake-a2c31hrv-pooler.eu-central-1.aws.neon.tech/neondb?sslmode=require&channel_binding=require
Using 'pg' driver for database querying
[⣷] Pulling schema from database...
[2K[1G[⣯] Pulling schema from database...
[2K[1G[⣟] Pulling schema from database...
[2K[1G[⡿] Pulling schema from database...
[2K[1G[⢿] Pulling schema from database...
[2K[1G[⣻] Pulling schema from database...
[2K[1G[⣽] Pulling schema from database...
[2K[1G[⣷] Pulling schema from database...
[2K[1G[⣯] Pulling schema from database...
[2K[1G[⣟] Pulling schema from database...
[2K[1G[⡿] Pulling schema from database...
[2K[1G[⢿] Pulling schema from database...
[2K[1G[⣻] Pulling schema from database...
[2K[1G[⣽] Pulling schema from database...
[2K[1G[⣷] Pulling schema from database...
[2K[1G[⣯] Pulling schema from database...
[2K[1G[⣟] Pulling schema from database...
[2K[1G[⡿] Pulling schema from database...
[2K[1G[⢿] Pulling schema from database...
[2K[1G[⣻] Pulling schema from database...
[2K[1G[⣽] Pulling schema from database...
[2K[1G[⣷] Pulling schema from database...
[2K[1G[⣯] Pulling schema from database...
[2K[1G[⣟] Pulling schema from database...
[2K[1G[⡿] Pulling schema from database...
[2K[1G[⢿] Pulling schema from database...
[2K[1G[⣻] Pulling schema from database...
[2K[1G[⣽] Pulling schema from database...
[2K[1G[⣷] Pulling schema from database...
[2K[1G[⣯] Pulling schema from database...
[2K[1G[✓] Pulling schema from database...
[i] No changes detected

  dist\index.js  87.8kb

Done in 24ms
